This is XeTeX, Version 3.141592653-2.6-0.999998 (TeX Live 2026) (preloaded format=xelatex 2026.5.8)  16 MAY 2026 16:49
entering extended mode
 restricted \write18 enabled.
 %&-line parsing enabled.
**diploma_report.tex
(./diploma_report.tex
LaTeX2e <2025-11-01>
L3 programming layer <2026-01-19>
(/usr/local/texlive/2026/texmf-dist/tex/latex/extsizes/extreport.cls
Document Class: extreport 1996/10/08 v1.0 Non Standard LaTeX document class
(/usr/local/texlive/2026/texmf-dist/tex/latex/extsizes/size14.clo
File: size14.clo 1999/11/11 v1.4a NON-Standard LaTeX file (size option)
)
(/usr/local/texlive/2026/texmf-dist/tex/latex/base/exscale.sty
Package: exscale 2025/06/05 v2.1i Standard LaTeX package exscale
LaTeX Font Info:    Redeclaring symbol font `largesymbols' on input line 57.
LaTeX Font Info:    Overwriting symbol font `largesymbols' in version `normal'
(Font)                  OMX/cmex/m/n --> OMX/cmex/m/n on input line 57.
LaTeX Font Info:    Overwriting symbol font `largesymbols' in version `bold'
(Font)                  OMX/cmex/m/n --> OMX/cmex/m/n on input line 57.
\big@size=\dimen148
)
\c@part=\count271
\c@chapter=\count272
\c@section=\count273
\c@subsection=\count274
\c@subsubsection=\count275
\c@paragraph=\count276
\c@subparagraph=\count277
\c@figure=\count278
\c@table=\count279
\abovecaptionskip=\skip49
\belowcaptionskip=\skip50
\bibindent=\dimen149
)
(/usr/local/texlive/2026/texmf-dist/tex/latex/fontspec/fontspec.sty
(/usr/local/texlive/2026/texmf-dist/tex/latex/l3packages/xparse/xparse.sty
(/usr/local/texlive/2026/texmf-dist/tex/latex/l3kernel/expl3.sty
Package: expl3 2026-01-19 L3 programming layer (loader) 

(/usr/local/texlive/2026/texmf-dist/tex/latex/l3backend/l3backend-xetex.def
File: l3backend-xetex.def 2025-10-09 L3 backend support: XeTeX
\g__graphics_track_int=\count280
\g__pdfannot_backend_int=\count281
\g__pdfannot_backend_link_int=\count282
))
Package: xparse 2025-10-09 L3 Experimental document command parser
)
Package: fontspec 2025/09/29 v2.9g Font selection for XeLaTeX and LuaLaTeX

(/usr/local/texlive/2026/texmf-dist/tex/latex/fontspec/fontspec-xetex.sty
Package: fontspec-xetex 2025/09/29 v2.9g Font selection for XeLaTeX and LuaLaTe
X
\l__fontspec_script_int=\count283
\l__fontspec_language_int=\count284
\l__fontspec_strnum_int=\count285
\l__fontspec_tmp_int=\count286
\l__fontspec_tmpa_int=\count287
\l__fontspec_tmpb_int=\count288
\l__fontspec_tmpc_int=\count289
\l__fontspec_em_int=\count290
\l__fontspec_emdef_int=\count291
\l__fontspec_strong_int=\count292
\l__fontspec_strongdef_int=\count293
\l__fontspec_tmpa_dim=\dimen150
\l__fontspec_tmpb_dim=\dimen151
\l__fontspec_tmpc_dim=\dimen152

(/usr/local/texlive/2026/texmf-dist/tex/latex/base/fontenc.sty
Package: fontenc 2025/07/18 v2.1d Standard LaTeX package
)
(/usr/local/texlive/2026/texmf-dist/tex/latex/fontspec/fontspec.cfg)))
(/usr/local/texlive/2026/texmf-dist/tex/latex/polyglossia/polyglossia.sty
Package: polyglossia 2025/12/01 v2.9 Modern multilingual typesetting with XeLaT
eX and LuaLaTeX

(/usr/local/texlive/2026/texmf-dist/tex/latex/etoolbox/etoolbox.sty
Package: etoolbox 2025/10/02 v2.5m e-TeX tools for LaTeX (JAW)
\etb@tempcnta=\count294
)
(/usr/local/texlive/2026/texmf-dist/tex/generic/iftex/iftex.sty
Package: iftex 2024/12/12 v1.0g TeX engine tests
)
\l_xpg_alias_keyvals_int=\count295

(/usr/local/texlive/2026/texmf-dist/tex/latex/polyglossia/gloss-latex.ldf
File: gloss-latex.ldf polyglossia: module for default language
))
(/usr/local/texlive/2026/texmf-dist/tex/latex/polyglossia/gloss-russian.ldf
File: gloss-russian.ldf polyglossia: module for Russian

(/usr/local/texlive/2026/texmf-dist/tex/latex/polyglossia/xpg-cyrillicnumbers.s
ty
Package: xpg-cyrillicnumbers 2019/11/15 v0.2 Formatting of Cyrillic alphabetic 
numbers
) (/usr/local/texlive/2026/texmf-dist/tex/latex/polyglossia/babelsh.def
File: babelsh.def 2022/06/21 Babel common definitions for shorthands
 Taken verbatim from babel files (2022/06/06 v3.76)
)
Package babel Info: Making " an active character on input line 120.
)

Package polyglossia Info: Default language is russian


(/usr/local/texlive/2026/texmf-dist/tex/latex/polyglossia/gloss-english.ldf
File: gloss-english.ldf polyglossia: module for English
)

Package fontspec Info: 
(fontspec)             Font family 'TimesNewRoman(0)' created for font 'Times
(fontspec)             New Roman' with options [Ligatures=TeX].
(fontspec)              
(fontspec)              This font family consists of the following NFSS
(fontspec)             series/shapes:
(fontspec)              
(fontspec)             - 'normal' (m/n) with NFSS spec.: <->"Times New
(fontspec)             Roman/OT:script=latn;language=dflt;mapping=tex-text;"
(fontspec)             - 'bold' (b/n) with NFSS spec.: <->"Times New
(fontspec)             Roman/B/OT:script=latn;language=dflt;mapping=tex-text;"
(fontspec)             - 'italic' (m/it) with NFSS spec.: <->"Times New
(fontspec)             Roman/I/OT:script=latn;language=dflt;mapping=tex-text;"
(fontspec)             - 'bold italic' (b/it) with NFSS spec.: <->"Times New
(fontspec)             Roman/BI/OT:script=latn;language=dflt;mapping=tex-text;"



Package fontspec Info: 
(fontspec)             Font family 'CourierNew(0)' created for font 'Courier
(fontspec)             New' with options
(fontspec)             [WordSpace={1,0,0},HyphenChar=None,PunctuationSpace=Word
Space].
(fontspec)              
(fontspec)              This font family consists of the following NFSS
(fontspec)             series/shapes:
(fontspec)              
(fontspec)             - 'normal' (m/n) with NFSS spec.: <->"Courier
(fontspec)             New/OT:script=latn;language=dflt;"
(fontspec)             - 'bold' (b/n) with NFSS spec.: <->"Courier
(fontspec)             New/B/OT:script=latn;language=dflt;"
(fontspec)             - 'italic' (m/it) with NFSS spec.: <->"Courier
(fontspec)             New/I/OT:script=latn;language=dflt;"
(fontspec)             - 'bold italic' (b/it) with NFSS spec.: <->"Courier
(fontspec)             New/BI/OT:script=latn;language=dflt;"


Package fontspec Info: 
(fontspec)             Font family 'CourierNew(1)' created for font 'Courier
(fontspec)             New' with options [].
(fontspec)              
(fontspec)              This font family consists of the following NFSS
(fontspec)             series/shapes:
(fontspec)              
(fontspec)             - 'normal' (m/n) with NFSS spec.: <->"Courier
(fontspec)             New/OT:script=latn;language=dflt;"
(fontspec)             - 'bold' (b/n) with NFSS spec.: <->"Courier
(fontspec)             New/B/OT:script=latn;language=dflt;"
(fontspec)             - 'italic' (m/it) with NFSS spec.: <->"Courier
(fontspec)             New/I/OT:script=latn;language=dflt;"
(fontspec)             - 'bold italic' (b/it) with NFSS spec.: <->"Courier
(fontspec)             New/BI/OT:script=latn;language=dflt;"


(/usr/local/texlive/2026/texmf-dist/tex/latex/geometry/geometry.sty
Package: geometry 2026/03/07 v6.0 Page Geometry

(/usr/local/texlive/2026/texmf-dist/tex/latex/graphics/keyval.sty
Package: keyval 2022/05/29 v1.15 key=value parser (DPC)
\KV@toks@=\toks17
)
(/usr/local/texlive/2026/texmf-dist/tex/generic/iftex/ifvtex.sty
Package: ifvtex 2019/10/25 v1.7 ifvtex legacy package. Use iftex instead.
)
\Gm@cnth=\count296
\Gm@cntv=\count297
\c@Gm@tempcnt=\count298
\Gm@bindingoffset=\dimen153
\Gm@wd@mp=\dimen154
\Gm@odd@mp=\dimen155
\Gm@even@mp=\dimen156
\Gm@layoutwidth=\dimen157
\Gm@layoutheight=\dimen158
\Gm@layouthoffset=\dimen159
\Gm@layoutvoffset=\dimen160
\Gm@dimlist=\toks18
)
(/usr/local/texlive/2026/texmf-dist/tex/latex/setspace/setspace.sty
Package: setspace 2022/12/04 v6.7b set line spacing
)
(/usr/local/texlive/2026/texmf-dist/tex/latex/tools/indentfirst.sty
Package: indentfirst 2023/07/02 v1.03 Indent first paragraph (DPC)
)
(/usr/local/texlive/2026/texmf-dist/tex/latex/graphics/graphicx.sty
Package: graphicx 2024/12/31 v1.2e Enhanced LaTeX Graphics (DPC,SPQR)

(/usr/local/texlive/2026/texmf-dist/tex/latex/graphics/graphics.sty
Package: graphics 2024/08/06 v1.4g Standard LaTeX Graphics (DPC,SPQR)

(/usr/local/texlive/2026/texmf-dist/tex/latex/graphics/trig.sty
Package: trig 2023/12/02 v1.11 sin cos tan (DPC)
)
(/usr/local/texlive/2026/texmf-dist/tex/latex/graphics-cfg/graphics.cfg
File: graphics.cfg 2016/06/04 v1.11 sample graphics configuration
)
Package graphics Info: Driver file: xetex.def on input line 106.

(/usr/local/texlive/2026/texmf-dist/tex/latex/graphics-def/xetex.def
File: xetex.def 2025/11/01 v5.0p Graphics/color driver for xetex
))
\Gin@req@height=\dimen161
\Gin@req@width=\dimen162
)
(/usr/local/texlive/2026/texmf-dist/tex/latex/float/float.sty
Package: float 2001/11/08 v1.3d Float enhancements (AL)
\c@float@type=\count299
\float@exts=\toks19
\float@box=\box53
\@float@everytoks=\toks20
\@floatcapt=\box54
)
(/usr/local/texlive/2026/texmf-dist/tex/latex/booktabs/booktabs.sty
Package: booktabs 2020/01/12 v1.61803398 Publication quality tables
\heavyrulewidth=\dimen163
\lightrulewidth=\dimen164
\cmidrulewidth=\dimen165
\belowrulesep=\dimen166
\belowbottomsep=\dimen167
\aboverulesep=\dimen168
\abovetopsep=\dimen169
\cmidrulesep=\dimen170
\cmidrulekern=\dimen171
\defaultaddspace=\dimen172
\@cmidla=\count300
\@cmidlb=\count301
\@aboverulesep=\dimen173
\@belowrulesep=\dimen174
\@thisruleclass=\count302
\@lastruleclass=\count303
\@thisrulewidth=\dimen175
)
(/usr/local/texlive/2026/texmf-dist/tex/latex/tools/longtable.sty
Package: longtable 2025-10-13 v4.24 Multi-page Table package (DPC)
\LTleft=\skip51
\LTright=\skip52
\LTpre=\skip53
\LTpost=\skip54
\LTchunksize=\count304
\LTcapwidth=\dimen176
\LT@head=\box55
\LT@firsthead=\box56
\LT@foot=\box57
\LT@lastfoot=\box58
\LT@gbox=\box59
\LT@cols=\count305
\LT@rows=\count306
\c@LT@tables=\count307
\c@LT@chunks=\count308
\LT@p@ftn=\toks21
)
(/usr/local/texlive/2026/texmf-dist/tex/latex/tools/array.sty
Package: array 2025/09/25 v2.6n Tabular extension package (FMi)
\col@sep=\dimen177
\ar@mcellbox=\box60
\extrarowheight=\dimen178
\NC@list=\toks22
\extratabsurround=\skip55
\backup@length=\skip56
\ar@cellbox=\box61
)
(/usr/local/texlive/2026/texmf-dist/tex/latex/amsmath/amsmath.sty
Package: amsmath 2025/07/09 v2.17z AMS math features
\@mathmargin=\skip57

For additional information on amsmath, use the `?' option.
(/usr/local/texlive/2026/texmf-dist/tex/latex/amsmath/amstext.sty
Package: amstext 2024/11/17 v2.01 AMS text

(/usr/local/texlive/2026/texmf-dist/tex/latex/amsmath/amsgen.sty
File: amsgen.sty 1999/11/30 v2.0 generic functions
\@emptytoks=\toks23
\ex@=\dimen179
))
(/usr/local/texlive/2026/texmf-dist/tex/latex/amsmath/amsbsy.sty
Package: amsbsy 1999/11/29 v1.2d Bold Symbols
\pmbraise@=\dimen180
)
(/usr/local/texlive/2026/texmf-dist/tex/latex/amsmath/amsopn.sty
Package: amsopn 2022/04/08 v2.04 operator names
)
\inf@bad=\count309
LaTeX Info: Redefining \frac on input line 233.
\uproot@=\count310
\leftroot@=\count311
LaTeX Info: Redefining \overline on input line 398.
LaTeX Info: Redefining \colon on input line 409.
\classnum@=\count312
\DOTSCASE@=\count313
LaTeX Info: Redefining \ldots on input line 495.
LaTeX Info: Redefining \dots on input line 498.
LaTeX Info: Redefining \cdots on input line 619.
\Mathstrutbox@=\box62
\strutbox@=\box63
LaTeX Info: Redefining \big on input line 721.
LaTeX Info: Redefining \Big on input line 722.
LaTeX Info: Redefining \bigg on input line 723.
LaTeX Info: Redefining \Bigg on input line 724.
\big@size=\dimen181
LaTeX Font Info:    Redeclaring font encoding OML on input line 742.
LaTeX Font Info:    Redeclaring font encoding OMS on input line 743.
\macc@depth=\count314
LaTeX Info: Redefining \bmod on input line 904.
LaTeX Info: Redefining \pmod on input line 909.
LaTeX Info: Redefining \smash on input line 939.
LaTeX Info: Redefining \relbar on input line 969.
LaTeX Info: Redefining \Relbar on input line 970.
\c@MaxMatrixCols=\count315
\dotsspace@=\muskip17
\c@parentequation=\count316
\dspbrk@lvl=\count317
\tag@help=\toks24
\row@=\count318
\column@=\count319
\maxfields@=\count320
\andhelp@=\toks25
\eqnshift@=\dimen182
\alignsep@=\dimen183
\tagshift@=\dimen184
\tagwidth@=\dimen185
\totwidth@=\dimen186
\lineht@=\dimen187
\@envbody=\toks26
\multlinegap=\skip58
\multlinetaggap=\skip59
\mathdisplay@stack=\toks27
LaTeX Info: Redefining \[ on input line 2950.
LaTeX Info: Redefining \] on input line 2951.
)
(/usr/local/texlive/2026/texmf-dist/tex/latex/amsfonts/amssymb.sty
Package: amssymb 2013/01/14 v3.01 AMS font symbols

(/usr/local/texlive/2026/texmf-dist/tex/latex/amsfonts/amsfonts.sty
Package: amsfonts 2013/01/14 v3.01 Basic AMSFonts support
\symAMSa=\mathgroup4
\symAMSb=\mathgroup5
LaTeX Font Info:    Redeclaring math symbol \hbar on input line 98.
LaTeX Font Info:    Overwriting math alphabet `\mathfrak' in version `bold'
(Font)                  U/euf/m/n --> U/euf/b/n on input line 106.
))
(/usr/local/texlive/2026/texmf-dist/tex/latex/pdfpages/pdfpages.sty
Package: pdfpages 2025/07/23 v0.6g Insert pages of external PDF documents (AM)

(/usr/local/texlive/2026/texmf-dist/tex/latex/base/ifthen.sty
Package: ifthen 2024/03/16 v1.1e Standard LaTeX ifthen package (DPC)
)
(/usr/local/texlive/2026/texmf-dist/tex/latex/tools/calc.sty
Package: calc 2025/03/01 v4.3b Infix arithmetic (KKT,FJ)
\calc@Acount=\count321
\calc@Bcount=\count322
\calc@Adimen=\dimen188
\calc@Bdimen=\dimen189
\calc@Askip=\skip60
\calc@Bskip=\skip61
LaTeX Info: Redefining \setlength on input line 86.
LaTeX Info: Redefining \addtolength on input line 87.
\calc@Ccount=\count323
\calc@Cskip=\skip62
)
(/usr/local/texlive/2026/texmf-dist/tex/latex/eso-pic/eso-pic.sty
Package: eso-pic 2025/12/10 v3.0d eso-pic (RN)
\ESO@tempdima=\dimen190
\ESO@tempdimb=\dimen191

(/usr/local/texlive/2026/texmf-dist/tex/latex/xcolor/xcolor.sty
Package: xcolor 2024/09/29 v3.02 LaTeX color extensions (UK)

(/usr/local/texlive/2026/texmf-dist/tex/latex/graphics-cfg/color.cfg
File: color.cfg 2016/01/02 v1.6 sample color configuration
)
Package xcolor Info: Driver file: xetex.def on input line 274.

(/usr/local/texlive/2026/texmf-dist/tex/latex/graphics/mathcolor.ltx)
Package xcolor Info: Model `cmy' substituted by `cmy0' on input line 1349.
Package xcolor Info: Model `RGB' extended on input line 1365.
Package xcolor Info: Model `HTML' substituted by `rgb' on input line 1367.
Package xcolor Info: Model `Hsb' substituted by `hsb' on input line 1368.
Package xcolor Info: Model `tHsb' substituted by `hsb' on input line 1369.
Package xcolor Info: Model `HSB' substituted by `hsb' on input line 1370.
Package xcolor Info: Model `Gray' substituted by `gray' on input line 1371.
Package xcolor Info: Model `wave' substituted by `hsb' on input line 1372.
))
\AM@pagewidth=\dimen192
\AM@pageheight=\dimen193
\AM@fboxrule=\dimen194

(/usr/local/texlive/2026/texmf-dist/tex/latex/pdfpages/ppxetex.def
File: ppxetex.def 2025/07/23 v0.6g Pdfpages driver for XeTeX (AM)
)
\pdfpages@includegraphics@status=\count324
\AM@pagebox=\box64
\AM@global@opts=\toks28
\AM@pagecnt=\count325
\AM@toc@title=\toks29
\AM@lof@heading=\toks30
\c@AM@survey=\count326
\AM@templatesizebox=\box65
)
(/usr/local/texlive/2026/texmf-dist/tex/latex/hyperref/hyperref.sty
Package: hyperref 2026-01-29 v7.01p Hypertext links for LaTeX

(/usr/local/texlive/2026/texmf-dist/tex/latex/kvsetkeys/kvsetkeys.sty
Package: kvsetkeys 2022-10-05 v1.19 Key value parser (HO)
)
(/usr/local/texlive/2026/texmf-dist/tex/generic/kvdefinekeys/kvdefinekeys.sty
Package: kvdefinekeys 2019-12-19 v1.6 Define keys (HO)
)
(/usr/local/texlive/2026/texmf-dist/tex/generic/pdfescape/pdfescape.sty
Package: pdfescape 2019/12/09 v1.15 Implements pdfTeX's escape features (HO)

(/usr/local/texlive/2026/texmf-dist/tex/generic/ltxcmds/ltxcmds.sty
Package: ltxcmds 2023-12-04 v1.26 LaTeX kernel commands for general use (HO)
)
(/usr/local/texlive/2026/texmf-dist/tex/generic/pdftexcmds/pdftexcmds.sty
Package: pdftexcmds 2020-06-27 v0.33 Utility functions of pdfTeX for LuaTeX (HO
)

(/usr/local/texlive/2026/texmf-dist/tex/generic/infwarerr/infwarerr.sty
Package: infwarerr 2019/12/03 v1.5 Providing info/warning/error messages (HO)
)
Package pdftexcmds Info: \pdf@primitive is available.
Package pdftexcmds Info: \pdf@ifprimitive is available.
Package pdftexcmds Info: \pdfdraftmode not found.
))
(/usr/local/texlive/2026/texmf-dist/tex/latex/hycolor/hycolor.sty
Package: hycolor 2020-01-27 v1.10 Color options for hyperref/bookmark (HO)
)
(/usr/local/texlive/2026/texmf-dist/tex/latex/hyperref/nameref.sty
Package: nameref 2026-01-29 v2.58 Cross-referencing by name of section

(/usr/local/texlive/2026/texmf-dist/tex/latex/refcount/refcount.sty
Package: refcount 2019/12/15 v3.6 Data extraction from label references (HO)
)
(/usr/local/texlive/2026/texmf-dist/tex/generic/gettitlestring/gettitlestring.s
ty
Package: gettitlestring 2019/12/15 v1.6 Cleanup title references (HO)
 (/usr/local/texlive/2026/texmf-dist/tex/latex/kvoptions/kvoptions.sty
Package: kvoptions 2022-06-15 v3.15 Key value format for package options (HO)
))
\c@section@level=\count327
)
(/usr/local/texlive/2026/texmf-dist/tex/generic/stringenc/stringenc.sty
Package: stringenc 2019/11/29 v1.12 Convert strings between diff. encodings (HO
)
)
\@linkdim=\dimen195
\Hy@linkcounter=\count328
\Hy@pagecounter=\count329

(/usr/local/texlive/2026/texmf-dist/tex/latex/hyperref/pd1enc.def
File: pd1enc.def 2026-01-29 v7.01p Hyperref: PDFDocEncoding definition (HO)
)
(/usr/local/texlive/2026/texmf-dist/tex/generic/intcalc/intcalc.sty
Package: intcalc 2019/12/15 v1.3 Expandable calculations with integers (HO)
)
\Hy@SavedSpaceFactor=\count330

(/usr/local/texlive/2026/texmf-dist/tex/latex/hyperref/puenc.def
File: puenc.def 2026-01-29 v7.01p Hyperref: PDF Unicode definition (HO)
)
Package hyperref Info: Hyper figures OFF on input line 4201.
Package hyperref Info: Link nesting OFF on input line 4206.
Package hyperref Info: Hyper index ON on input line 4209.
Package hyperref Info: Plain pages OFF on input line 4216.
Package hyperref Info: Backreferencing OFF on input line 4221.
Package hyperref Info: Implicit mode ON; LaTeX internals redefined.
Package hyperref Info: Bookmarks ON on input line 4468.
\c@Hy@tempcnt=\count331

(/usr/local/texlive/2026/texmf-dist/tex/latex/url/url.sty
\Urlmuskip=\muskip18
Package: url 2013/09/16  ver 3.4  Verb mode for urls, etc.
)
LaTeX Info: Redefining \url on input line 4807.
\XeTeXLinkMargin=\dimen196

(/usr/local/texlive/2026/texmf-dist/tex/generic/bitset/bitset.sty
Package: bitset 2019/12/09 v1.3 Handle bit-vector datatype (HO)

(/usr/local/texlive/2026/texmf-dist/tex/generic/bigintcalc/bigintcalc.sty
Package: bigintcalc 2019/12/15 v1.5 Expandable calculations on big integers (HO
)
))
\Fld@menulength=\count332
\Field@Width=\dimen197
\Fld@charsize=\dimen198
Package hyperref Info: Hyper figures OFF on input line 6084.
Package hyperref Info: Link nesting OFF on input line 6089.
Package hyperref Info: Hyper index ON on input line 6092.
Package hyperref Info: backreferencing OFF on input line 6099.
Package hyperref Info: Link coloring OFF on input line 6104.
Package hyperref Info: Link coloring with OCG OFF on input line 6109.
Package hyperref Info: PDF/A mode OFF on input line 6114.
\Hy@abspage=\count333
\c@Item=\count334
\c@Hfootnote=\count335
)
Package hyperref Info: Driver (autodetected): hxetex.

(/usr/local/texlive/2026/texmf-dist/tex/latex/hyperref/hxetex.def
File: hxetex.def 2026-01-29 v7.01p Hyperref driver for XeTeX
\pdfm@box=\box66
\c@Hy@AnnotLevel=\count336
\HyField@AnnotCount=\count337
\Fld@listcount=\count338
\c@bookmark@seq@number=\count339

(/usr/local/texlive/2026/texmf-dist/tex/latex/rerunfilecheck/rerunfilecheck.sty
Package: rerunfilecheck 2025-06-21 v1.11 Rerun checks for auxiliary files (HO)

(/usr/local/texlive/2026/texmf-dist/tex/generic/uniquecounter/uniquecounter.sty
Package: uniquecounter 2019/12/15 v1.4 Provide unlimited unique counter (HO)
)
Package uniquecounter Info: New unique counter `rerunfilecheck' on input line 2
84.
)
\Hy@SectionHShift=\skip63
) (/usr/local/texlive/2026/texmf-dist/tex/latex/xurl/xurl.sty
Package: xurl 2022/01/09 v 0.10 modify URL breaks
)
(/usr/local/texlive/2026/texmf-dist/tex/latex/caption/caption.sty
Package: caption 2023/08/05 v3.6o Customizing captions (AR)

(/usr/local/texlive/2026/texmf-dist/tex/latex/caption/caption3.sty
Package: caption3 2023/07/31 v2.4d caption3 kernel (AR)
\caption@tempdima=\dimen199
\captionmargin=\dimen256
\caption@leftmargin=\dimen257
\caption@rightmargin=\dimen258
\caption@width=\dimen259
\caption@indent=\dimen260
\caption@parindent=\dimen261
\caption@hangindent=\dimen262
Package caption Info: Standard document class detected.
)
\c@caption@flags=\count340
\c@continuedfloat=\count341
Package caption Info: float package is loaded.
Package caption Info: hyperref package is loaded.
Package caption Info: longtable package is loaded.

(/usr/local/texlive/2026/texmf-dist/tex/latex/caption/ltcaption.sty
Package: ltcaption 2021/01/08 v1.4c longtable captions (AR)
))
(/usr/local/texlive/2026/texmf-dist/tex/latex/enumitem/enumitem.sty
Package: enumitem 2025/02/06 v3.11 Customized lists
\labelindent=\skip64
\enit@outerparindent=\dimen263
\enit@toks=\toks31
\enit@inbox=\box67
\enit@count@id=\count342
\enitdp@description=\count343
)
(/usr/local/texlive/2026/texmf-dist/tex/latex/titlesec/titlesec.sty
Package: titlesec 2025/01/04 v2.17 Sectioning titles
\ttl@box=\box68
\beforetitleunit=\skip65
\aftertitleunit=\skip66
\ttl@plus=\dimen264
\ttl@minus=\dimen265
\ttl@toksa=\toks32
\titlewidth=\dimen266
\titlewidthlast=\dimen267
\titlewidthfirst=\dimen268
)
Package hyperref Info: Option `colorlinks' set `true' on input line 30.

Package fontspec Info: 
(fontspec)             Font family 'TimesNewRoman(1)' created for font 'Times
(fontspec)             New Roman' with options
(fontspec)             [Ligatures=TeX,Script=Cyrillic].
(fontspec)              
(fontspec)              This font family consists of the following NFSS
(fontspec)             series/shapes:
(fontspec)              
(fontspec)             - 'normal' (m/n) with NFSS spec.: <->"Times New
(fontspec)             Roman/OT:script=cyrl;language=dflt;mapping=tex-text;"
(fontspec)             - 'bold' (b/n) with NFSS spec.: <->"Times New
(fontspec)             Roman/B/OT:script=cyrl;language=dflt;mapping=tex-text;"
(fontspec)             - 'italic' (m/it) with NFSS spec.: <->"Times New
(fontspec)             Roman/I/OT:script=cyrl;language=dflt;mapping=tex-text;"
(fontspec)             - 'bold italic' (b/it) with NFSS spec.: <->"Times New
(fontspec)             Roman/BI/OT:script=cyrl;language=dflt;mapping=tex-text;"



(./diploma_report.aux)
\openout1 = `diploma_report.aux'.

LaTeX Font Info:    Checking defaults for OML/cmm/m/it on input line 37.
LaTeX Font Info:    ... okay on input line 37.
LaTeX Font Info:    Checking defaults for OMS/cmsy/m/n on input line 37.
LaTeX Font Info:    ... okay on input line 37.
LaTeX Font Info:    Checking defaults for OT1/cmr/m/n on input line 37.
LaTeX Font Info:    ... okay on input line 37.
LaTeX Font Info:    Checking defaults for T1/cmr/m/n on input line 37.
LaTeX Font Info:    ... okay on input line 37.
LaTeX Font Info:    Checking defaults for TS1/cmr/m/n on input line 37.
LaTeX Font Info:    ... okay on input line 37.
LaTeX Font Info:    Checking defaults for TU/lmr/m/n on input line 37.
LaTeX Font Info:    ... okay on input line 37.
LaTeX Font Info:    Checking defaults for OMX/cmex/m/n on input line 37.
LaTeX Font Info:    ... okay on input line 37.
LaTeX Font Info:    Checking defaults for U/cmr/m/n on input line 37.
LaTeX Font Info:    ... okay on input line 37.
LaTeX Font Info:    Checking defaults for PD1/pdf/m/n on input line 37.
LaTeX Font Info:    ... okay on input line 37.
LaTeX Font Info:    Checking defaults for PU/pdf/m/n on input line 37.
LaTeX Font Info:    ... okay on input line 37.

Package fontspec Info: 
(fontspec)             Adjusting the maths setup (use [no-math] to avoid
(fontspec)             this).

\symlegacymaths=\mathgroup6
LaTeX Font Info:    Overwriting symbol font `legacymaths' in version `bold'
(Font)                  OT1/cmr/m/n --> OT1/cmr/bx/n on input line 37.
LaTeX Font Info:    Redeclaring math accent \acute on input line 37.
LaTeX Font Info:    Redeclaring math accent \grave on input line 37.
LaTeX Font Info:    Redeclaring math accent \ddot on input line 37.
LaTeX Font Info:    Redeclaring math accent \tilde on input line 37.
LaTeX Font Info:    Redeclaring math accent \bar on input line 37.
LaTeX Font Info:    Redeclaring math accent \breve on input line 37.
LaTeX Font Info:    Redeclaring math accent \check on input line 37.
LaTeX Font Info:    Redeclaring math accent \hat on input line 37.
LaTeX Font Info:    Redeclaring math accent \dot on input line 37.
LaTeX Font Info:    Redeclaring math accent \mathring on input line 37.
LaTeX Font Info:    Redeclaring math symbol \Gamma on input line 37.
LaTeX Font Info:    Redeclaring math symbol \Delta on input line 37.
LaTeX Font Info:    Redeclaring math symbol \Theta on input line 37.
LaTeX Font Info:    Redeclaring math symbol \Lambda on input line 37.
LaTeX Font Info:    Redeclaring math symbol \Xi on input line 37.
LaTeX Font Info:    Redeclaring math symbol \Pi on input line 37.
LaTeX Font Info:    Redeclaring math symbol \Sigma on input line 37.
LaTeX Font Info:    Redeclaring math symbol \Upsilon on input line 37.
LaTeX Font Info:    Redeclaring math symbol \Phi on input line 37.
LaTeX Font Info:    Redeclaring math symbol \Psi on input line 37.
LaTeX Font Info:    Redeclaring math symbol \Omega on input line 37.
LaTeX Font Info:    Redeclaring math symbol \mathdollar on input line 37.
LaTeX Font Info:    Redeclaring symbol font `operators' on input line 37.
LaTeX Font Info:    Encoding `OT1' has changed to `TU' for symbol font
(Font)              `operators' in the math version `normal' on input line 37.
LaTeX Font Info:    Overwriting symbol font `operators' in version `normal'
(Font)                  OT1/cmr/m/n --> TU/TimesNewRoman(0)/m/n on input line 3
7.
LaTeX Font Info:    Encoding `OT1' has changed to `TU' for symbol font
(Font)              `operators' in the math version `bold' on input line 37.
LaTeX Font Info:    Overwriting symbol font `operators' in version `bold'
(Font)                  OT1/cmr/bx/n --> TU/TimesNewRoman(0)/m/n on input line 
37.
LaTeX Font Info:    Overwriting symbol font `operators' in version `normal'
(Font)                  TU/TimesNewRoman(0)/m/n --> TU/TimesNewRoman(0)/m/n on 
input line 37.
LaTeX Font Info:    Overwriting math alphabet `\mathit' in version `normal'
(Font)                  OT1/cmr/m/it --> TU/TimesNewRoman(0)/m/it on input line
 37.
LaTeX Font Info:    Overwriting math alphabet `\mathbf' in version `normal'
(Font)                  OT1/cmr/bx/n --> TU/TimesNewRoman(0)/b/n on input line 
37.
LaTeX Font Info:    Overwriting math alphabet `\mathsf' in version `normal'
(Font)                  OT1/cmss/m/n --> TU/lmss/m/n on input line 37.
LaTeX Font Info:    Overwriting math alphabet `\mathtt' in version `normal'
(Font)                  OT1/cmtt/m/n --> TU/CourierNew(0)/m/n on input line 37.

LaTeX Font Info:    Overwriting symbol font `operators' in version `bold'
(Font)                  TU/TimesNewRoman(0)/m/n --> TU/TimesNewRoman(0)/b/n on 
input line 37.
LaTeX Font Info:    Overwriting math alphabet `\mathit' in version `bold'
(Font)                  OT1/cmr/bx/it --> TU/TimesNewRoman(0)/b/it on input lin
e 37.
LaTeX Font Info:    Overwriting math alphabet `\mathsf' in version `bold'
(Font)                  OT1/cmss/bx/n --> TU/lmss/b/n on input line 37.
LaTeX Font Info:    Overwriting math alphabet `\mathtt' in version `bold'
(Font)                  OT1/cmtt/m/n --> TU/CourierNew(0)/b/n on input line 37.


*geometry* driver: auto-detecting
*geometry* detected driver: xetex
*geometry* verbose mode - [ preamble ] result:
* driver: xetex
* paper: a4paper
* layout: <same size as paper>
* layoutoffset:(h,v)=(0.0pt,0.0pt)
* modes: 
* h-part:(L,W,R)=(56.9055pt, 512.14963pt, 28.45274pt)
* v-part:(T,H,B)=(56.9055pt, 731.23584pt, 56.9055pt)
* \paperwidth=597.50787pt
* \paperheight=845.04684pt
* \textwidth=512.14963pt
* \textheight=731.23584pt
* \oddsidemargin=-15.36449pt
* \evensidemargin=-15.36449pt
* \topmargin=-54.36449pt
* \headheight=14.0pt
* \headsep=25.0pt
* \topskip=14.0pt
* \footskip=30.0pt
* \marginparwidth=15.0pt
* \marginparsep=10.0pt
* \columnsep=10.0pt
* \skip\footins=12.0pt plus 4.0pt minus 2.0pt
* \hoffset=0.0pt
* \voffset=0.0pt
* \mag=1000
* \@twocolumnfalse
* \@twosidefalse
* \@mparswitchfalse
* \@reversemarginfalse
* (1in=72.27pt=25.4mm, 1cm=28.453pt)

(/usr/local/texlive/2026/texmf-dist/tex/latex/pdflscape/pdflscape.sty
Package: pdflscape 2025-06-23 v0.14 Display of landscape pages in PDF

(/usr/local/texlive/2026/texmf-dist/tex/latex/pdflscape/pdflscape-nometadata.st
y
Package: pdflscape-nometadata 2025-06-23 v0.14 Display of landscape pages in PD
F (HO)
 (/usr/local/texlive/2026/texmf-dist/tex/latex/graphics/lscape.sty
Package: lscape 2020/05/28 v3.02 Landscape Pages (DPC)
)
Package pdflscape Info: Auto-detected driver: dvipdfm (xetex) on input line 98.

))
Package hyperref Info: Link coloring ON on input line 37.

(./diploma_report.out) (./diploma_report.out)
\@outlinefile=\write3
\openout3 = `diploma_report.out'.

Package caption Info: Begin \AtBeginDocument code.
Package caption Info: End \AtBeginDocument code.
 [1

]
File: файлы_по_отчету/ТЗ.pdf Graphic file (type pdf)
<use файлы_по_отчету/ТЗ.pdf>
File: файлы_по_отчету/ТЗ.pdf Graphic file (type pdf)
<use файлы_по_отчету/ТЗ.pdf, page 1>
File: файлы_по_отчету/ТЗ.pdf Graphic file (type pdf)
<use файлы_по_отчету/ТЗ.pdf, page 1>
File: файлы_по_отчету/ТЗ.pdf Graphic file (type pdf)
<use файлы_по_отчету/ТЗ.pdf, page 1>
File: файлы_по_отчету/ТЗ.pdf Graphic file (type pdf)
<use файлы_по_отчету/ТЗ.pdf, page 1>
File: файлы_по_отчету/signature_overlay.png Graphic file (type bmp)
<файлы_по_отчету/signature_overlay.png>
File: файлы_по_отчету/ТЗ.pdf Graphic file (type pdf)
<use файлы_по_отчету/ТЗ.pdf, page 1>
 [1

]
File: файлы_по_отчету/ТЗ.pdf Graphic file (type pdf)
<use файлы_по_отчету/ТЗ.pdf>
File: файлы_по_отчету/ТЗ.pdf Graphic file (type pdf)
<use файлы_по_отчету/ТЗ.pdf, page 2>
File: файлы_по_отчету/ТЗ.pdf Graphic file (type pdf)
<use файлы_по_отчету/ТЗ.pdf, page 2>
File: файлы_по_отчету/ТЗ.pdf Graphic file (type pdf)
<use файлы_по_отчету/ТЗ.pdf, page 2>
File: файлы_по_отчету/ТЗ.pdf Graphic file (type pdf)
<use файлы_по_отчету/ТЗ.pdf, page 2>
File: файлы_по_отчету/signature_overlay.png Graphic file (type bmp)
<файлы_по_отчету/signature_overlay.png>
File: файлы_по_отчету/ТЗ.pdf Graphic file (type pdf)
<use файлы_по_отчету/ТЗ.pdf, page 2>
 [2

]
Overfull \hbox (6.35806pt too wide) in paragraph at lines 78--79
\TU/TimesNewRoman(1)/m/n/14.4 удовлетворенности пассажиров авиаперевозок на осн
ове данных пассажирских опро-
 []


Overfull \hbox (1.34131pt too wide) in paragraph at lines 78--79
\TU/TimesNewRoman(1)/m/n/14.4 го обучения, способных классифицировать пассажиро
в на удовлетворенных и неудо-
 []

[3

]
Overfull \hbox (24.51527pt too wide) in paragraph at lines 81--82
\TU/TimesNewRoman(1)/m/n/14.4 factors associated with the final customer assess
ment. The study evaluates Logistic Regression,
 []


Overfull \hbox (23.62709pt too wide) in paragraph at lines 81--82
\TU/TimesNewRoman(1)/m/n/14.4 KNN, Decision Tree, Random Forest, XGBoost, and a
 neural network. A unified preprocessing
 []


Overfull \hbox (19.30269pt too wide) in paragraph at lines 81--82
\TU/TimesNewRoman(1)/m/n/14.4 pipeline is used for all models, including missin
g value handling, categorical feature encoding,
 []


Overfull \hbox (17.97386pt too wide) in paragraph at lines 81--82
\TU/TimesNewRoman(1)/m/n/14.4 accuracy, precision, and recall, but also by ROC-
AUC, threshold analysis, confusion matrices,
 []


Overfull \hbox (0.13095pt too wide) in paragraph at lines 81--82
\TU/TimesNewRoman(1)/m/n/14.4 data. The practical value of the study is that it
s results can support decision-making systems
 []

[4

] (./diploma_report.toc
LaTeX Font Info:    Trying to load font information for U+msa on input line 3.

(/usr/local/texlive/2026/texmf-dist/tex/latex/amsfonts/umsa.fd
File: umsa.fd 2013/01/14 v3.01 AMS symbols A
)
LaTeX Font Info:    Trying to load font information for U+msb on input line 3.

(/usr/local/texlive/2026/texmf-dist/tex/latex/amsfonts/umsb.fd
File: umsb.fd 2013/01/14 v3.01 AMS symbols B
) [5

])
\tf@toc=\write4
\openout4 = `diploma_report.toc'.

 [6]
Глава 1.
[7


]
Overfull \hbox (26.30937pt too wide) in paragraph at lines 98--99
\TU/TimesNewRoman(1)/m/n/14.4 и регулирования искусственного интеллекта в авиац
ии. В документе \TU/TimesNewRoman(1)/m/it/14.4 Artificial Intelligence
 []

[8]
Overfull \hbox (19.10464pt too wide) in paragraph at lines 115--116
[]\TU/TimesNewRoman(1)/m/n/14.4 обучить и настроить несколько моделей машинного
 обучения: Logistic Regression,
 []


Overfull \hbox (0.20001pt too wide) in paragraph at lines 117--118
[]\TU/TimesNewRoman(1)/m/n/14.4 провести расширенный анализ моделей: learning c
urves, threshold analysis, error
 []


Overfull \hbox (18.2491pt too wide) in paragraph at lines 122--123
\TU/TimesNewRoman(1)/m/n/14.4 боте используется расширенная схема оценки качест
ва, включающая кросс-валидацию,
 []

[9] [10]
Глава 2.
[11

] [12] [13] [14] [15]
Глава 3.
[16

] [17]
Глава 4.
[18

]
Глава 5.

Overfull \hbox (4.53944pt too wide) in paragraph at lines 250--251
\TU/TimesNewRoman(1)/m/n/14.4 пользуемую для дополнительных анализов: fairness 
analysis, error analysis и robustness
 []


Overfull \hbox (3.36479pt too wide) in paragraph at lines 252--253
[]\TU/TimesNewRoman(1)/m/n/14.4 Для обработки признаков использовался \TU/Couri
erNew(1)/m/n/14.4 sklearn Pipeline\TU/TimesNewRoman(1)/m/n/14.4 . Числовые при-

 []


Overfull \hbox (32.71355pt too wide) in paragraph at lines 252--253
\TU/TimesNewRoman(1)/m/n/14.4 нейронной сети дополнительно выполнялось приведен
ие матрицы признаков к \TU/CourierNew(1)/m/n/14.4 float32\TU/TimesNewRoman(1)/m
/n/14.4 .
 []

[19

]
Overfull \hbox (54.04118pt too wide) in paragraph at lines 260--261
[]\TU/TimesNewRoman(1)/m/n/14.4 Для Logistic Regression подбирался параметр \TU
/CourierNew(1)/m/n/14.4 C\TU/TimesNewRoman(1)/m/n/14.4 , управляющий силой L2-р
егуляризации.
 []


Overfull \hbox (129.8656pt too wide) in paragraph at lines 279--280
\TU/TimesNewRoman(1)/m/n/14.4 ний. Лучшее дерево использовало глубину 16, \TU/C
ourierNew(1)/m/n/14.4 min_samples_leaf=20 \TU/TimesNewRoman(1)/m/n/14.4 и \TU/C
ourierNew(1)/m/n/14.4 min_samples_split=300\TU/TimesNewRoman(1)/m/n/14.4 ,
 []

[20] [21]
Overfull \hbox (2.87253pt too wide) in paragraph at lines 371--372
[]\TU/TimesNewRoman(1)/m/n/14.4 Для Neural Network подбирались размеры двух скр
ытых слоев, dropout, learning
 []

[22]
File: logistic_regression_images/logistic_regression_learning_curve.png Graphic
 file (type bmp)
<logistic_regression_images/logistic_regression_learning_curve.png>
File: decision_tree_images/decision_tree_learning_curve.png Graphic file (type 
bmp)
<decision_tree_images/decision_tree_learning_curve.png>
 [23]
File: random_forest_images/random_forest_learning_curve.png Graphic file (type 
bmp)
<random_forest_images/random_forest_learning_curve.png>
File: knn_images_second_approach/knn_learning_curve.png Graphic file (type bmp)

<knn_images_second_approach/knn_learning_curve.png>
 [24]
File: xgboost_images/xgboost_learning_curve.png Graphic file (type bmp)
<xgboost_images/xgboost_learning_curve.png>
File: neural_network_images/neural_network_learning_curve.png Graphic file (typ
e bmp)
<neural_network_images/neural_network_learning_curve.png>
 [25]
Overfull \hbox (26.32684pt too wide) in paragraph at lines 495--496
\TU/TimesNewRoman(1)/m/n/14.4 объема обучающих данных и насколько велик разрыв 
между train- и validation-качеством.
 []

[26]
File: logistic_regression_images/logistic_regression_fairness_f1_gaps.png Graph
ic file (type bmp)
<logistic_regression_images/logistic_regression_fairness_f1_gaps.png>
File: decision_tree_images/decision_tree_fairness_f1_gaps.png Graphic file (typ
e bmp)
<decision_tree_images/decision_tree_fairness_f1_gaps.png>
 [27]
File: random_forest_images/random_forest_fairness_f1_gaps.png Graphic file (typ
e bmp)
<random_forest_images/random_forest_fairness_f1_gaps.png>
File: knn_images_second_approach/knn_fairness_f1_gaps.png Graphic file (type bm
p)
<knn_images_second_approach/knn_fairness_f1_gaps.png>
 [28]
File: xgboost_images/xgboost_fairness_f1_gaps.png Graphic file (type bmp)
<xgboost_images/xgboost_fairness_f1_gaps.png>
File: neural_network_images/neural_network_fairness_f1_gaps.png Graphic file (t
ype bmp)
<neural_network_images/neural_network_fairness_f1_gaps.png>
 [29] [30]
File: logistic_regression_images/logistic_regression_confusion_matrix.png Graph
ic file (type bmp)
<logistic_regression_images/logistic_regression_confusion_matrix.png>
File: decision_tree_images/decision_tree_confusion_matrix.png Graphic file (typ
e bmp)
<decision_tree_images/decision_tree_confusion_matrix.png>
File: random_forest_images/random_forest_confusion_matrix.png Graphic file (typ
e bmp)
<random_forest_images/random_forest_confusion_matrix.png>
 [31]
File: knn_images_second_approach/knn_confusion_matrix.png Graphic file (type bm
p)
<knn_images_second_approach/knn_confusion_matrix.png>
File: xgboost_images/xgboost_confusion_matrix.png Graphic file (type bmp)
<xgboost_images/xgboost_confusion_matrix.png>
 [32]
File: neural_network_images/neural_network_confusion_matrix.png Graphic file (t
ype bmp)
<neural_network_images/neural_network_confusion_matrix.png>
 [33]
File: logistic_regression_images/logistic_regression_threshold_analysis.png Gra
phic file (type bmp)
<logistic_regression_images/logistic_regression_threshold_analysis.png>
File: decision_tree_images/decision_tree_threshold_analysis.png Graphic file (t
ype bmp)
<decision_tree_images/decision_tree_threshold_analysis.png>
 [34]
File: random_forest_images/random_forest_threshold_analysis.png Graphic file (t
ype bmp)
<random_forest_images/random_forest_threshold_analysis.png>
File: knn_images_second_approach/knn_threshold_analysis.png Graphic file (type 
bmp)
<knn_images_second_approach/knn_threshold_analysis.png>
 [35]
File: xgboost_images/xgboost_threshold_analysis.png Graphic file (type bmp)
<xgboost_images/xgboost_threshold_analysis.png>
File: neural_network_images/neural_network_threshold_analysis.png Graphic file 
(type bmp)
<neural_network_images/neural_network_threshold_analysis.png>
 [36]
Overfull \hbox (0.80103pt too wide) in paragraph at lines 672--673
\TU/TimesNewRoman(1)/m/n/14.4 бенно важно при практическом использовании модели
 для раннего выявления неудо-
 []

[37]
File: logistic_regression_images/logistic_regression_robustness_f1_drop.png Gra
phic file (type bmp)
<logistic_regression_images/logistic_regression_robustness_f1_drop.png>
File: decision_tree_images/decision_tree_robustness_f1_drop.png Graphic file (t
ype bmp)
<decision_tree_images/decision_tree_robustness_f1_drop.png>
File: random_forest_images/random_forest_robustness_f1_drop.png Graphic file (t
ype bmp)
<random_forest_images/random_forest_robustness_f1_drop.png>
 [38]
File: knn_images_second_approach/knn_robustness_f1_drop.png Graphic file (type 
bmp)
<knn_images_second_approach/knn_robustness_f1_drop.png>
File: xgboost_images/xgboost_robustness_f1_drop.png Graphic file (type bmp)
<xgboost_images/xgboost_robustness_f1_drop.png>
 [39]
File: neural_network_images/neural_network_robustness_f1_drop.png Graphic file 
(type bmp)
<neural_network_images/neural_network_robustness_f1_drop.png>
 [40]
Overfull \hbox (2.1476pt too wide) in paragraph at lines 727--728
\TU/TimesNewRoman(1)/m/n/14.4 более устойчивым в данном эксперименте оказался R
andom Forest: падение F1-macro
 []


Overfull \hbox (16.3853pt too wide) in paragraph at lines 752--753
[]\TU/TimesNewRoman(1)/m/n/14.4 В файлах \TU/CourierNew(1)/m/n/14.4 models_perf
ormance.csv \TU/TimesNewRoman(1)/m/n/14.4 сохранены параметры и качество кросс-

 []


Overfull \hbox (83.83191pt too wide) in paragraph at lines 752--753
\TU/TimesNewRoman(1)/m/n/14.4 валидации, а тайминги лучших конфигураций берутся
 из файлов \TU/CourierNew(1)/m/n/14.4 *_cv_search_results.csv\TU/TimesNewRoman(
1)/m/n/14.4 ,
 []


Overfull \hbox (78.01476pt too wide) in paragraph at lines 752--753
\TU/TimesNewRoman(1)/m/n/14.4 где \TU/CourierNew(1)/m/n/14.4 mean_fit_time \TU/
TimesNewRoman(1)/m/n/14.4 отражает среднее время обучения на одном CV-fold, а \
TU/CourierNew(1)/m/n/14.4 mean_score_time
 []

[41]
ignored: Infinite glue shrinkage found in box being split [42]
File: logistic_regression_images/logistic_regression_permutation_importance.png
 Graphic file (type bmp)
<logistic_regression_images/logistic_regression_permutation_importance.png>
File: decision_tree_images/decision_tree_permutation_importance.png Graphic fil
e (type bmp)
<decision_tree_images/decision_tree_permutation_importance.png>
File: random_forest_images/random_forest_permutation_importance.png Graphic fil
e (type bmp)
<random_forest_images/random_forest_permutation_importance.png>
 [43]
File: knn_images_second_approach/knn_permutation_importance.png Graphic file (t
ype bmp)
<knn_images_second_approach/knn_permutation_importance.png>
 [44]
File: xgboost_images/xgboost_permutation_importance.png Graphic file (type bmp)

<xgboost_images/xgboost_permutation_importance.png>
 [45]
File: neural_network_images/neural_network_permutation_importance.png Graphic f
ile (type bmp)
<neural_network_images/neural_network_permutation_importance.png>
 [46] [47]
Overfull \hbox (2.98264pt too wide) in paragraph at lines 833--834
[]\TU/TimesNewRoman(1)/m/n/14.4 Во всех сильных моделях среди наиболее важных п
ризнаков встречаются оцен-
 []

[48]
Глава 6.
File: research_docx_images/word/media/image3.png Graphic file (type bmp)
<research_docx_images/word/media/image3.png>
[49

]
File: research_docx_images/word/media/image1.png Graphic file (type bmp)
<research_docx_images/word/media/image1.png>
 [50]
File: research_docx_images/word/media/image2.png Graphic file (type bmp)
<research_docx_images/word/media/image2.png>
 [51] [52]
Overfull \hbox (22.50546pt too wide) in paragraph at lines 873--874
\TU/TimesNewRoman(1)/m/n/14.4 бок, fairness analysis, robustness check, построе
ние кривых обучения и оценка permutation
 []

[53

] [54

] [55]
Приложение A.
[56

] (./diploma_report.aux)
 ***********
LaTeX2e <2025-11-01>
L3 programming layer <2026-01-19>
 ***********
Package rerunfilecheck Info: File `diploma_report.out' has not changed.
(rerunfilecheck)             Checksum: 25A4E337F5FF957CD44D1B47A24A8ADA;7709.
 ) 
Here is how much of TeX's memory you used:
 17513 strings out of 468168
 352947 string characters out of 5432816
 830897 words of memory out of 5000000
 45907 multiletter control sequences out of 15000+600000
 634833 words of font info for 118 fonts, out of 8000000 for 9000
 1348 hyphenation exceptions out of 8191
 73i,17n,93p,1289b,618s stack positions out of 10000i,1000n,20000p,200000b,200000s

Output written on diploma_report.pdf (57 pages).
