\BOOKMARK [0][-]{chapter*.4}{\376\377\004\020\004\072\004\102\004\103\004\060\004\073\004\114\004\075\004\076\004\101\004\102\004\114\000,\000\040\004\075\004\076\004\062\004\070\004\067\004\075\004\060\000\040\004\070\000\040\004\077\004\100\004\065\004\064\004\074\004\065\004\102\004\075\004\060\004\117\000\040\004\076\004\061\004\073\004\060\004\101\004\102\004\114}{}% 1
\BOOKMARK [0][-]{chapter.1}{\376\377\004\030\004\101\004\077\004\076\004\073\004\114\004\067\004\103\004\065\004\074\004\113\004\065\000\040\004\074\004\076\004\064\004\065\004\073\004\070\000\040\004\074\004\060\004\110\004\070\004\075\004\075\004\076\004\063\004\076\000\040\004\076\004\061\004\103\004\107\004\065\004\075\004\070\004\117}{}% 2
\BOOKMARK [1][-]{section.1.1}{\376\377\000L\000o\000g\000i\000s\000t\000i\000c\000\040\000R\000e\000g\000r\000e\000s\000s\000i\000o\000n}{chapter.1}% 3
\BOOKMARK [1][-]{section.1.2}{\376\377\000K\000N\000N}{chapter.1}% 4
\BOOKMARK [1][-]{section.1.3}{\376\377\000D\000e\000c\000i\000s\000i\000o\000n\000\040\000T\000r\000e\000e}{chapter.1}% 5
\BOOKMARK [1][-]{section.1.4}{\376\377\000R\000a\000n\000d\000o\000m\000\040\000F\000o\000r\000e\000s\000t}{chapter.1}% 6
\BOOKMARK [1][-]{section.1.5}{\376\377\000X\000G\000B\000o\000o\000s\000t}{chapter.1}% 7
\BOOKMARK [1][-]{section.1.6}{\376\377\000N\000e\000u\000r\000a\000l\000\040\000N\000e\000t\000w\000o\000r\000k\000s}{chapter.1}% 8
\BOOKMARK [0][-]{chapter.2}{\376\377\004\024\004\060\004\102\004\060\004\101\004\065\004\102}{}% 9
\BOOKMARK [1][-]{section.2.1}{\376\377\004\037\004\065\004\100\004\062\004\070\004\107\004\075\004\113\004\071\000\040\004\064\004\060\004\102\004\060\004\101\004\065\004\102\000\040\000K\000a\000g\000g\000l\000e\000\040\004\070\000\040\004\077\004\100\004\070\004\107\004\070\004\075\004\060\000\040\004\076\004\102\004\072\004\060\004\067\004\060\000\040\004\076\004\102\000\040\004\075\004\065\004\063\004\076}{chapter.2}% 10
\BOOKMARK [1][-]{section.2.2}{\376\377\004\024\004\060\004\075\004\075\004\113\004\065\000\040\004\077\004\060\004\101\004\101\004\060\004\066\004\070\004\100\004\101\004\072\004\070\004\105\000\040\004\076\004\077\004\100\004\076\004\101\004\076\004\062\000\040\004\034\004\070\004\075\004\070\004\101\004\102\004\065\004\100\004\101\004\102\004\062\004\060\000\040\004\102\004\100\004\060\004\075\004\101\004\077\004\076\004\100\004\102\004\060\000\040\004\021\004\100\004\060\004\067\004\070\004\073\004\070\004\070}{chapter.2}% 11
\BOOKMARK [1][-]{section.2.3}{\376\377\004\035\004\060\004\061\004\073\004\116\004\064\004\065\004\075\004\070\004\117\000\040\004\077\004\076\000\040\004\101\004\102\004\100\004\103\004\072\004\102\004\103\004\100\004\065\000\040\004\064\004\060\004\075\004\075\004\113\004\105}{chapter.2}% 12
\BOOKMARK [0][-]{chapter.3}{\376\377\004\024\004\076\004\100\004\060\004\061\004\076\004\102\004\072\004\060\000\040\004\064\004\060\004\102\004\060\004\101\004\065\004\102\004\060}{}% 13
\BOOKMARK [0][-]{chapter.4}{\376\377\004\036\004\061\004\103\004\107\004\065\004\075\004\070\004\065\000\040\004\074\004\076\004\064\004\065\004\073\004\065\004\071}{}% 14
\BOOKMARK [1][-]{section.4.1}{\376\377\004\036\004\061\004\111\004\060\004\117\000\040\004\101\004\105\004\065\004\074\004\060\000\040\004\076\004\061\004\103\004\107\004\065\004\075\004\070\004\117}{chapter.4}% 15
\BOOKMARK [1][-]{section.4.2}{\376\377\004\037\004\076\004\073\004\103\004\107\004\065\004\075\004\075\004\113\004\065\000\040\004\074\004\065\004\102\004\100\004\070\004\072\004\070}{chapter.4}% 16
\BOOKMARK [1][-]{section.4.3}{\376\377\004\032\004\100\004\070\004\062\004\113\004\065\000\040\004\076\004\061\004\103\004\107\004\065\004\075\004\070\004\117}{chapter.4}% 17
\BOOKMARK [1][-]{section.4.4}{\376\377\004\020\004\075\004\060\004\073\004\070\004\067\000\040\004\101\004\077\004\100\004\060\004\062\004\065\004\064\004\073\004\070\004\062\004\076\004\101\004\102\004\070\000\040\004\074\004\076\004\064\004\065\004\073\004\070}{chapter.4}% 18
\BOOKMARK [1][-]{section.4.5}{\376\377\004\020\004\075\004\060\004\073\004\070\004\067\000\040\004\076\004\110\004\070\004\061\004\076\004\072\000\040\004\074\004\076\004\064\004\065\004\073\004\070}{chapter.4}% 19
\BOOKMARK [1][-]{section.4.6}{\376\377\004\020\004\075\004\060\004\073\004\070\004\067\000\040\004\077\004\076\004\100\004\076\004\063\004\060\000\040\004\072\004\073\004\060\004\101\004\101\004\070\004\104\004\070\004\072\004\060\004\106\004\070\004\070}{chapter.4}% 20
\BOOKMARK [1][-]{section.4.7}{\376\377\004\043\004\101\004\102\004\076\004\071\004\107\004\070\004\062\004\076\004\101\004\102\004\114\000\040\004\072\000\040\004\110\004\103\004\074\004\103}{chapter.4}% 21
\BOOKMARK [1][-]{section.4.8}{\376\377\004\037\004\100\004\076\004\070\004\067\004\062\004\076\004\064\004\070\004\102\004\065\004\073\004\114\004\075\004\076\004\101\004\102\004\114}{chapter.4}% 22
\BOOKMARK [1][-]{section.4.9}{\376\377\000P\000e\000r\000m\000u\000t\000a\000t\000i\000o\000n\000\040\000I\000m\000p\000o\000r\000t\000a\000n\000c\000e}{chapter.4}% 23
\BOOKMARK [0][-]{chapter.5}{\376\377\004\037\004\100\004\070\004\074\004\065\004\075\004\065\004\075\004\070\004\065\000\040\004\074\004\076\004\064\004\065\004\073\004\065\004\071\000\040\004\074\004\060\004\110\004\070\004\075\004\075\004\076\004\063\004\076\000\040\004\076\004\061\004\103\004\107\004\065\004\075\004\070\004\117\000\040\004\075\004\060\000\040\004\077\004\100\004\060\004\072\004\102\004\070\004\072\004\065}{}% 24
\BOOKMARK [0][-]{chapter*.44}{\376\377\004\027\004\060\004\072\004\073\004\116\004\107\004\065\004\075\004\070\004\065}{}% 25
\BOOKMARK [0][-]{appendix.A}{\376\377\004\055\004\073\004\065\004\072\004\102\004\100\004\076\004\075\004\075\004\113\004\065\000\040\004\100\004\065\004\101\004\103\004\100\004\101\004\113\000\040\004\077\004\100\004\076\004\065\004\072\004\102\004\060}{}% 26
